<?xml version="1.0" encoding="UTF-8"?>
<!-- Generated by org.testng.reporters.JUnitReportReporter -->
<testsuite hostname="DESKTOP-NI32QNA" failures="0" tests="1" name="Tests.LoginTests" time="7.874" errors="0" timestamp="2020-04-27T11:17:20 EEST" skipped="0">
  <testcase classname="Tests.LoginTests" name="loginFromUserBemefits" time="7.874"/>
  <system-out/>
</testsuite> <!-- Tests.LoginTests -->
